26-Feb-2019 10:58:15.265 INFO [main] org.apache.catalina.core.ApplicationContext.log ContextListener: contextInitialized()
26-Feb-2019 10:58:15.265 INFO [main] org.apache.catalina.core.ApplicationContext.log SessionListener: contextInitialized()
26-Feb-2019 10:58:15.267 INFO [main] org.apache.catalina.core.ApplicationContext.log ContextListener: attributeAdded('StockTicker', 'async.Stockticker@25243bc1')
26-Feb-2019 11:09:17.031 INFO [main] org.apache.catalina.core.ApplicationContext.log SessionListener: contextDestroyed()
26-Feb-2019 11:09:17.031 INFO [main] org.apache.catalina.core.ApplicationContext.log ContextListener: contextDestroyed()
26-Feb-2019 14:38:16.158 INFO [main] org.apache.catalina.core.ApplicationContext.log ContextListener: contextInitialized()
26-Feb-2019 14:38:16.158 INFO [main] org.apache.catalina.core.ApplicationContext.log SessionListener: contextInitialized()
26-Feb-2019 14:38:16.160 INFO [main] org.apache.catalina.core.ApplicationContext.log ContextListener: attributeAdded('StockTicker', 'async.Stockticker@44ea608c')
26-Feb-2019 14:39:57.813 INFO [Catalina-utility-1] org.apache.catalina.core.ApplicationContext.log SessionListener: contextDestroyed()
26-Feb-2019 14:39:57.813 INFO [Catalina-utility-1] org.apache.catalina.core.ApplicationContext.log ContextListener: contextDestroyed()
26-Feb-2019 14:44:35.758 INFO [main] org.apache.catalina.core.ApplicationContext.log ContextListener: contextInitialized()
26-Feb-2019 14:44:35.758 INFO [main] org.apache.catalina.core.ApplicationContext.log SessionListener: contextInitialized()
26-Feb-2019 14:44:35.759 INFO [main] org.apache.catalina.core.ApplicationContext.log ContextListener: attributeAdded('StockTicker', 'async.Stockticker@26f3d90c')
26-Feb-2019 14:49:53.388 INFO [main] org.apache.catalina.core.ApplicationContext.log SessionListener: contextDestroyed()
26-Feb-2019 14:49:53.388 INFO [main] org.apache.catalina.core.ApplicationContext.log ContextListener: contextDestroyed()
26-Feb-2019 14:50:00.954 INFO [main] org.apache.catalina.core.ApplicationContext.log ContextListener: contextInitialized()
26-Feb-2019 14:50:00.954 INFO [main] org.apache.catalina.core.ApplicationContext.log SessionListener: contextInitialized()
26-Feb-2019 14:50:00.956 INFO [main] org.apache.catalina.core.ApplicationContext.log ContextListener: attributeAdded('StockTicker', 'async.Stockticker@6105f8a3')
26-Feb-2019 16:18:51.387 INFO [main] org.apache.catalina.core.ApplicationContext.log SessionListener: contextDestroyed()
26-Feb-2019 16:18:51.387 INFO [main] org.apache.catalina.core.ApplicationContext.log ContextListener: contextDestroyed()
26-Feb-2019 16:18:57.562 INFO [main] org.apache.catalina.core.ApplicationContext.log ContextListener: contextInitialized()
26-Feb-2019 16:18:57.562 INFO [main] org.apache.catalina.core.ApplicationContext.log SessionListener: contextInitialized()
26-Feb-2019 16:18:57.567 INFO [main] org.apache.catalina.core.ApplicationContext.log ContextListener: attributeAdded('StockTicker', 'async.Stockticker@4c7a078')
26-Feb-2019 16:38:15.370 INFO [main] org.apache.catalina.core.ApplicationContext.log SessionListener: contextDestroyed()
26-Feb-2019 16:38:15.370 INFO [main] org.apache.catalina.core.ApplicationContext.log ContextListener: contextDestroyed()
